<?xml version="1.0" encoding="UTF-8"?>
<!-- Generated by org.testng.reporters.JUnitReportReporter -->
<testsuite hostname="Ajay-Laptop" failures="0" tests="1" name="cvHomePageOEMTest" time="23.396" errors="0" timestamp="2024-02-21T13:31:33 IST" skipped="0">
  <testcase classname="cvHomePageOEMTest" name="cvMainPage" time="23.396"/>
</testsuite> <!-- cvHomePageOEMTest -->
