<?xml version="1.0" encoding="UTF-8"?>
<!-- Generated by org.testng.reporters.JUnitReportReporter -->
<testsuite hostname="Ajay-Laptop" failures="0" tests="1" name="excelRead" time="1.142" errors="0" timestamp="2024-02-19T19:33:45 IST" skipped="0">
  <testcase classname="excelRead" name="excelRead_TestData" time="1.142"/>
</testsuite> <!-- excelRead -->
