<?xml version="1.0" encoding="UTF-8"?>
<!-- Generated by org.testng.reporters.JUnitReportReporter -->
<testsuite hostname="SATYEN" failures="0" tests="1" name="cvHomePageOEMTest" time="27.594" errors="0" timestamp="2024-02-23T12:53:30 IST" skipped="0">
  <testcase classname="cvHomePageOEMTest" name="cvMainPage" time="27.594"/>
</testsuite> <!-- cvHomePageOEMTest -->
