<?xml version="1.0" encoding="UTF-8"?>
<!-- Generated by org.testng.reporters.JUnitReportReporter -->
<testsuite hostname="SATYEN" failures="0" tests="1" name="cvHomePageOEMTest" time="50.009" errors="0" timestamp="2024-03-18T12:36:06 IST" skipped="0">
  <testcase classname="cvHomePageOEMTest" name="cvMainPage" time="50.009"/>
</testsuite> <!-- cvHomePageOEMTest -->
