<?xml version="1.0" encoding="UTF-8"?>
<!-- Generated by org.testng.reporters.JUnitReportReporter -->
<testsuite hostname="Ajay-Laptop" failures="0" tests="1" name="loginTest" time="14.462" errors="0" timestamp="2024-02-20T15:13:17 IST" skipped="0">
  <testcase classname="loginTest" name="loginTestWithValidData" time="14.462"/>
</testsuite> <!-- loginTest -->
