<?xml version="1.0" encoding="UTF-8"?>
<!-- Generated by org.testng.reporters.JUnitReportReporter -->
<testsuite hostname="Ajay-Laptop" failures="0" tests="1" name="cvMainPageOEMTest" time="16.175" errors="0" timestamp="2024-02-21T12:15:27 IST" skipped="0">
  <testcase classname="cvMainPageOEMTest" name="cvMainPage" time="16.175"/>
</testsuite> <!-- cvMainPageOEMTest -->
