<?xml version="1.0" encoding="UTF-8"?>
<!-- Generated by org.testng.reporters.JUnitReportReporter -->
<testsuite hostname="SATYEN" failures="0" tests="1" name="cvHomePageOEMTest" time="22.814" errors="0" timestamp="2024-02-21T18:08:59 IST" skipped="0">
  <testcase classname="cvHomePageOEMTest" name="cvMainPage" time="22.814"/>
</testsuite> <!-- cvHomePageOEMTest -->
